<?xml version="1.0" encoding="UTF-8"?>
<!-- Generated by org.testng.reporters.JUnitXMLReporter -->
<testsuite ignored="0" hostname="sanu" failures="0" tests="3" name="Test" time="168.384" errors="0" timestamp="2024-08-21T13:44:41 IST">
  <testcase classname="irctc_test.Irctc_SignUp_test" name="test1" time="63.232"/>
  <testcase classname="irctc_test.Irctc_Login_Test" name="test3" time="27.457"/>
  <testcase classname="irctc_test.Irctc_Hotelbooking_test" name="test2" time="27.614"/>
</testsuite> <!-- Test -->
