<?xml version="1.0" encoding="UTF-8"?>
<!-- Generated by org.testng.reporters.JUnitXMLReporter -->
<testsuite ignored="0" hostname="sanu" failures="0" tests="3" name="Test" time="90.477" errors="0" timestamp="2024-09-10T20:34:29 IST">
  <testcase classname="irctc_test.Irctc_SignUp_test" name="test1" time="15.145"/>
  <testcase classname="irctc_test.Irctc_Login_Test" name="test3" time="28.898"/>
  <testcase classname="irctc_test.Irctc_Hotelbooking_test" name="test2" time="24.427"/>
</testsuite> <!-- Test -->
