<?xml version="1.0" encoding="UTF-8"?>
<testng-results ignored="0" total="3" passed="3" failed="0" skipped="0">
  <reporter-output>
  </reporter-output>
  <suite started-at="2024-09-10T20:32:59 IST" name="Suite" finished-at="2024-09-10T20:34:29 IST" duration-ms="90477">
    <groups>
    </groups>
    <test started-at="2024-09-10T20:32:59 IST" name="Test" finished-at="2024-09-10T20:34:29 IST" duration-ms="90477">
      <class name="irctc_test.Irctc_SignUp_test">
        <test-method is-config="true" signature="setup()[pri:0, instance:irctc_test.Irctc_SignUp_test@27406a17]" started-at="2024-09-10T20:32:59 IST" name="setup" finished-at="2024-09-10T20:33:06 IST" duration-ms="6816" status="PASS">
          <reporter-output>
          </reporter-output>
        </test-method> <!-- setup -->
        <test-method signature="test1()[pri:0, instance:irctc_test.Irctc_SignUp_test@27406a17]" started-at="2024-09-10T20:33:06 IST" name="test1" finished-at="2024-09-10T20:33:21 IST" duration-ms="15145" status="PASS">
          <reporter-output>
          </reporter-output>
        </test-method> <!-- test1 -->
        <test-method is-config="true" signature="close()[pri:0, instance:irctc_test.Irctc_SignUp_test@27406a17]" started-at="2024-09-10T20:34:29 IST" name="close" finished-at="2024-09-10T20:34:29 IST" duration-ms="0" status="PASS">
          <reporter-output>
          </reporter-output>
        </test-method> <!-- close -->
      </class> <!-- irctc_test.Irctc_SignUp_test -->
      <class name="irctc_test.Irctc_Login_Test">
        <test-method is-config="true" signature="setup()[pri:0, instance:irctc_test.Irctc_Login_Test@563f38c4]" started-at="2024-09-10T20:33:21 IST" name="setup" finished-at="2024-09-10T20:33:29 IST" duration-ms="8018" status="PASS">
          <reporter-output>
          </reporter-output>
        </test-method> <!-- setup -->
        <test-method signature="test3()[pri:0, instance:irctc_test.Irctc_Login_Test@563f38c4]" started-at="2024-09-10T20:33:29 IST" name="test3" finished-at="2024-09-10T20:33:58 IST" duration-ms="28898" status="PASS">
          <reporter-output>
          </reporter-output>
        </test-method> <!-- test3 -->
        <test-method is-config="true" signature="close()[pri:0, instance:irctc_test.Irctc_Login_Test@563f38c4]" started-at="2024-09-10T20:34:29 IST" name="close" finished-at="2024-09-10T20:34:29 IST" duration-ms="191" status="PASS">
          <reporter-output>
          </reporter-output>
        </test-method> <!-- close -->
      </class> <!-- irctc_test.Irctc_Login_Test -->
      <class name="irctc_test.Irctc_Hotelbooking_test">
        <test-method is-config="true" signature="setup()[pri:0, instance:irctc_test.Irctc_Hotelbooking_test@543295b0]" started-at="2024-09-10T20:33:58 IST" name="setup" finished-at="2024-09-10T20:34:04 IST" duration-ms="6716" status="PASS">
          <reporter-output>
          </reporter-output>
        </test-method> <!-- setup -->
        <test-method signature="test2()[pri:0, instance:irctc_test.Irctc_Hotelbooking_test@543295b0]" started-at="2024-09-10T20:34:04 IST" name="test2" finished-at="2024-09-10T20:34:29 IST" duration-ms="24427" status="PASS">
          <reporter-output>
          </reporter-output>
        </test-method> <!-- test2 -->
        <test-method is-config="true" signature="close()[pri:0, instance:irctc_test.Irctc_Hotelbooking_test@543295b0]" started-at="2024-09-10T20:34:29 IST" name="close" finished-at="2024-09-10T20:34:29 IST" duration-ms="192" status="PASS">
          <reporter-output>
          </reporter-output>
        </test-method> <!-- close -->
      </class> <!-- irctc_test.Irctc_Hotelbooking_test -->
    </test> <!-- Test -->
  </suite> <!-- Suite -->
</testng-results>
