<?xml version="1.0" encoding="UTF-8"?>
<testng-results ignored="0" total="3" passed="3" failed="0" skipped="0">
  <reporter-output>
  </reporter-output>
  <suite started-at="2024-08-21T13:41:53 IST" name="Suite" finished-at="2024-08-21T13:44:41 IST" duration-ms="168384">
    <groups>
    </groups>
    <test started-at="2024-08-21T13:41:53 IST" name="Test" finished-at="2024-08-21T13:44:41 IST" duration-ms="168384">
      <class name="irctc_test.Irctc_SignUp_test">
        <test-method is-config="true" signature="setup()[pri:0, instance:irctc_test.Irctc_SignUp_test@27406a17]" started-at="2024-08-21T13:41:53 IST" name="setup" finished-at="2024-08-21T13:42:21 IST" duration-ms="27935" status="PASS">
          <reporter-output>
          </reporter-output>
        </test-method> <!-- setup -->
        <test-method signature="test1()[pri:0, instance:irctc_test.Irctc_SignUp_test@27406a17]" started-at="2024-08-21T13:42:21 IST" name="test1" finished-at="2024-08-21T13:43:24 IST" duration-ms="63232" status="PASS">
          <reporter-output>
          </reporter-output>
        </test-method> <!-- test1 -->
        <test-method is-config="true" signature="close()[pri:0, instance:irctc_test.Irctc_SignUp_test@27406a17]" started-at="2024-08-21T13:44:41 IST" name="close" finished-at="2024-08-21T13:44:41 IST" duration-ms="376" status="PASS">
          <reporter-output>
          </reporter-output>
        </test-method> <!-- close -->
      </class> <!-- irctc_test.Irctc_SignUp_test -->
      <class name="irctc_test.Irctc_Login_Test">
        <test-method is-config="true" signature="setup()[pri:0, instance:irctc_test.Irctc_Login_Test@563f38c4]" started-at="2024-08-21T13:43:24 IST" name="setup" finished-at="2024-08-21T13:43:33 IST" duration-ms="8624" status="PASS">
          <reporter-output>
          </reporter-output>
        </test-method> <!-- setup -->
        <test-method signature="test3()[pri:0, instance:irctc_test.Irctc_Login_Test@563f38c4]" started-at="2024-08-21T13:43:33 IST" name="test3" finished-at="2024-08-21T13:44:00 IST" duration-ms="27457" status="PASS">
          <reporter-output>
          </reporter-output>
        </test-method> <!-- test3 -->
        <test-method is-config="true" signature="close()[pri:0, instance:irctc_test.Irctc_Login_Test@563f38c4]" started-at="2024-08-21T13:44:40 IST" name="close" finished-at="2024-08-21T13:44:41 IST" duration-ms="214" status="PASS">
          <reporter-output>
          </reporter-output>
        </test-method> <!-- close -->
      </class> <!-- irctc_test.Irctc_Login_Test -->
      <class name="irctc_test.Irctc_Hotelbooking_test">
        <test-method is-config="true" signature="setup()[pri:0, instance:irctc_test.Irctc_Hotelbooking_test@543295b0]" started-at="2024-08-21T13:44:00 IST" name="setup" finished-at="2024-08-21T13:44:12 IST" duration-ms="12383" status="PASS">
          <reporter-output>
          </reporter-output>
        </test-method> <!-- setup -->
        <test-method signature="test2()[pri:0, instance:irctc_test.Irctc_Hotelbooking_test@543295b0]" started-at="2024-08-21T13:44:12 IST" name="test2" finished-at="2024-08-21T13:44:40 IST" duration-ms="27614" status="PASS">
          <reporter-output>
          </reporter-output>
        </test-method> <!-- test2 -->
        <test-method is-config="true" signature="close()[pri:0, instance:irctc_test.Irctc_Hotelbooking_test@543295b0]" started-at="2024-08-21T13:44:40 IST" name="close" finished-at="2024-08-21T13:44:40 IST" duration-ms="341" status="PASS">
          <reporter-output>
          </reporter-output>
        </test-method> <!-- close -->
      </class> <!-- irctc_test.Irctc_Hotelbooking_test -->
    </test> <!-- Test -->
  </suite> <!-- Suite -->
</testng-results>
